
  VITE v5.4.21  ready in 616 ms

  ➜  Local:   http://localhost:5173/
  ➜  Network: http://192.168.1.2:5173/
22:01:33 [vite] hmr update /src/pages/import.tsx
22:20:46 [vite] hmr update /src/pages/question/list.tsx
22:20:48 [vite] hmr update /src/pages/question/list.tsx
22:20:48 [vite] hmr update /src/pages/question/list.tsx
22:36:46 [vite] hmr update /src/pages/review.tsx
22:40:31 [vite] hmr update /src/pages/question/list.tsx
22:40:32 [vite] hmr update /src/pages/question/list.tsx
22:40:33 [vite] hmr update /src/pages/question/list.tsx
22:40:35 [vite] hmr update /src/pages/question/list.tsx
22:40:36 [vite] hmr update /src/pages/review.tsx
22:40:37 [vite] hmr update /src/pages/review.tsx
22:40:40 [vite] hmr update /src/pages/review.tsx
22:40:42 [vite] hmr update /src/pages/review.tsx
22:44:51 [vite] hmr update /src/pages/question/list.tsx
22:44:51 [vite] hmr update /src/pages/question/list.tsx
22:44:54 [vite] hmr update /src/pages/question/list.tsx
22:44:56 [vite] hmr update /src/pages/question/edit.tsx
22:44:57 [vite] hmr update /src/pages/question/edit.tsx
22:45:02 [vite] hmr update /src/pages/question/edit.tsx
22:45:04 [vite] hmr update /src/pages/review.tsx
22:45:05 [vite] hmr update /src/pages/review.tsx
